[debug] [2026-03-28T16:57:06.313Z] ----------------------------------------------------------------------
[debug] [2026-03-28T16:57:06.316Z] Command:       C:\Program Files\nodejs\node.exe C:\Users\arifu\AppData\Roaming\npm\node_modules\firebase-tools\lib\bin\firebase.js init functions
[debug] [2026-03-28T16:57:06.316Z] CLI Version:   15.12.0
[debug] [2026-03-28T16:57:06.316Z] Platform:      win32
[debug] [2026-03-28T16:57:06.317Z] Node Version:  v25.5.0
[debug] [2026-03-28T16:57:06.317Z] Time:          Sat Mar 28 2026 22:57:06 GMT+0600 (Bangladesh Standard Time)
[debug] [2026-03-28T16:57:06.317Z] ----------------------------------------------------------------------
[debug] 
[info] 
     ######## #### ########  ######## ########     ###     ######  ########
     ##        ##  ##     ## ##       ##     ##  ##   ##  ##       ##
     ######    ##  ########  ######   ########  #########  ######  ######
     ##        ##  ##    ##  ##       ##     ## ##     ##       ## ##
     ##       #### ##     ## ######## ########  ##     ##  ######  ########

You're about to initialize a Firebase project in this directory:

  D:\Projects\connecting-friians

[info] 
=== Project Setup
[info] 
[info] First, let's associate this project directory with a Firebase project.
[info] You can create multiple project aliases by running firebase use --add, 
[info] 
[info] 
=== Functions Setup
[info] Let's create a new codebase for your functions.
[info] A directory corresponding to the codebase will be created in your project
[info] with sample code pre-configured.

[info] See https://firebase.google.com/docs/functions/organize-functions for
[info] more information on organizing your functions using codebases.

[info] Functions can be deployed with firebase deploy.

[info] +  Wrote functions/package.json 
[info] +  Wrote functions/index.js 
[info] +  Wrote functions/.gitignore 
